{"/Users/vovashliakhovyi/Projects/todo-list/src/App.vue": {"path":"/Users/vovashliakhovyi/Projects/todo-list/src/App.vue","statementMap":{"0":{"start":{"line":16,"column":0},"end":{"line":16,"column":null}},"1":{"start":{"line":17,"column":0},"end":{"line":17,"column":null}},"2":{"start":{"line":18,"column":0},"end":{"line":18,"column":null}},"3":{"start":{"line":19,"column":0},"end":{"line":19,"column":null}},"4":{"start":{"line":20,"column":0},"end":{"line":20,"column":null}},"5":{"start":{"line":21,"column":0},"end":{"line":21,"column":null}},"6":{"start":{"line":35,"column":0},"end":{"line":35,"column":null}}},"fnMap":{"0":{"name":"(anonymous_1)","decl":{"start":{"line":34,"column":0},"end":{"line":34,"column":null}},"loc":{"start":{"line":34,"column":0},"end":{"line":36,"column":null}}}},"branchMap":{},"s":{"0":1,"1":1,"2":1,"3":1,"4":1,"5":1,"6":1},"f":{"0":1},"b":{}}
,"/Users/vovashliakhovyi/Projects/todo-list/src/registerServiceWorker.js": {"path":"/Users/vovashliakhovyi/Projects/todo-list/src/registerServiceWorker.js","statementMap":{"0":{"start":{"line":5,"column":0},"end":{"line":34,"column":1}},"1":{"start":{"line":6,"column":1},"end":{"line":33,"column":4}},"2":{"start":{"line":8,"column":3},"end":{"line":11,"column":5}},"3":{"start":{"line":14,"column":3},"end":{"line":14,"column":54}},"4":{"start":{"line":17,"column":3},"end":{"line":17,"column":59}},"5":{"start":{"line":20,"column":3},"end":{"line":20,"column":46}},"6":{"start":{"line":23,"column":3},"end":{"line":23,"column":60}},"7":{"start":{"line":26,"column":3},"end":{"line":28,"column":5}},"8":{"start":{"line":31,"column":3},"end":{"line":31,"column":69}}},"fnMap":{"0":{"name":"(anonymous_0)","decl":{"start":{"line":7,"column":2},"end":{"line":7,"column":3}},"loc":{"start":{"line":7,"column":10},"end":{"line":12,"column":3}},"line":7},"1":{"name":"(anonymous_1)","decl":{"start":{"line":13,"column":2},"end":{"line":13,"column":3}},"loc":{"start":{"line":13,"column":15},"end":{"line":15,"column":3}},"line":13},"2":{"name":"(anonymous_2)","decl":{"start":{"line":16,"column":2},"end":{"line":16,"column":3}},"loc":{"start":{"line":16,"column":11},"end":{"line":18,"column":3}},"line":16},"3":{"name":"(anonymous_3)","decl":{"start":{"line":19,"column":2},"end":{"line":19,"column":3}},"loc":{"start":{"line":19,"column":16},"end":{"line":21,"column":3}},"line":19},"4":{"name":"(anonymous_4)","decl":{"start":{"line":22,"column":2},"end":{"line":22,"column":3}},"loc":{"start":{"line":22,"column":12},"end":{"line":24,"column":3}},"line":22},"5":{"name":"(anonymous_5)","decl":{"start":{"line":25,"column":2},"end":{"line":25,"column":3}},"loc":{"start":{"line":25,"column":12},"end":{"line":29,"column":3}},"line":25},"6":{"name":"(anonymous_6)","decl":{"start":{"line":30,"column":2},"end":{"line":30,"column":3}},"loc":{"start":{"line":30,"column":15},"end":{"line":32,"column":3}},"line":30}},"branchMap":{"0":{"loc":{"start":{"line":5,"column":0},"end":{"line":34,"column":1}},"type":"if","locations":[{"start":{"line":5,"column":0},"end":{"line":34,"column":1}},{"start":{"line":5,"column":0},"end":{"line":34,"column":1}}],"line":5}},"s":{"0":0,"1":0,"2":0,"3":0,"4":0,"5":0,"6":0,"7":0,"8":0},"f":{"0":0,"1":0,"2":0,"3":0,"4":0,"5":0,"6":0},"b":{"0":[0,0]},"hash":"115b8b4e3d8ae8a162763b53e326c0eaa29e1c1a"}
,"/Users/vovashliakhovyi/Projects/todo-list/src/components/CreateTodo.vue": {"path":"/Users/vovashliakhovyi/Projects/todo-list/src/components/CreateTodo.vue","statementMap":{"0":{"start":{"line":103,"column":0},"end":{"line":103,"column":null}},"1":{"start":{"line":104,"column":0},"end":{"line":104,"column":null}},"2":{"start":{"line":108,"column":0},"end":{"line":108,"column":null}},"3":{"start":{"line":129,"column":0},"end":{"line":129,"column":null}},"4":{"start":{"line":137,"column":0},"end":{"line":137,"column":null}},"5":{"start":{"line":138,"column":0},"end":{"line":138,"column":null}},"6":{"start":{"line":140,"column":0},"end":{"line":142,"column":null}},"7":{"start":{"line":141,"column":0},"end":{"line":141,"column":null}},"8":{"start":{"line":149,"column":0},"end":{"line":156,"column":null}},"9":{"start":{"line":150,"column":0},"end":{"line":150,"column":null}},"10":{"start":{"line":155,"column":0},"end":{"line":155,"column":null}},"11":{"start":{"line":158,"column":0},"end":{"line":158,"column":null}},"12":{"start":{"line":159,"column":0},"end":{"line":159,"column":null}},"13":{"start":{"line":161,"column":0},"end":{"line":164,"column":null}},"14":{"start":{"line":162,"column":0},"end":{"line":162,"column":null}},"15":{"start":{"line":163,"column":0},"end":{"line":163,"column":null}}},"fnMap":{"0":{"name":"(anonymous_1)","decl":{"start":{"line":107,"column":0},"end":{"line":107,"column":null}},"loc":{"start":{"line":107,"column":0},"end":{"line":115,"column":null}}},"1":{"name":"(anonymous_2)","decl":{"start":{"line":128,"column":0},"end":{"line":128,"column":null}},"loc":{"start":{"line":128,"column":0},"end":{"line":130,"column":null}}},"2":{"name":"handleSearchForm","decl":{"start":{"line":136,"column":0},"end":{"line":136,"column":null}},"loc":{"start":{"line":136,"column":0},"end":{"line":143,"column":null}}},"3":{"name":"addTodo","decl":{"start":{"line":148,"column":0},"end":{"line":148,"column":null}},"loc":{"start":{"line":148,"column":0},"end":{"line":165,"column":null}}},"4":{"name":"(anonymous_5)","decl":{"start":{"line":161,"column":0},"end":{"line":161,"column":null}},"loc":{"start":{"line":161,"column":0},"end":{"line":164,"column":null}}}},"branchMap":{"0":{"loc":{"start":{"line":140,"column":0},"end":{"line":142,"column":null}},"type":"if","locations":[{"start":{"line":140,"column":0},"end":{"line":142,"column":null}},{"start":{"line":140,"column":0},"end":{"line":142,"column":null}}]},"1":{"loc":{"start":{"line":149,"column":0},"end":{"line":156,"column":null}},"type":"if","locations":[{"start":{"line":149,"column":0},"end":{"line":156,"column":null}},{"start":{"line":149,"column":0},"end":{"line":156,"column":null}}]}},"s":{"0":1,"1":1,"2":0,"3":0,"4":0,"5":0,"6":0,"7":0,"8":0,"9":0,"10":0,"11":0,"12":0,"13":0,"14":0,"15":0},"f":{"0":0,"1":0,"2":0,"3":0,"4":0},"b":{"0":[0,0],"1":[0,0]}}
,"/Users/vovashliakhovyi/Projects/todo-list/src/components/Header.vue": {"path":"/Users/vovashliakhovyi/Projects/todo-list/src/components/Header.vue","statementMap":{"0":{"start":{"line":13,"column":0},"end":{"line":13,"column":null}}},"fnMap":{},"branchMap":{},"s":{"0":1},"f":{},"b":{}}
,"/Users/vovashliakhovyi/Projects/todo-list/src/components/Pagination.vue": {"path":"/Users/vovashliakhovyi/Projects/todo-list/src/components/Pagination.vue","statementMap":{"0":{"start":{"line":48,"column":0},"end":{"line":48,"column":null}},"1":{"start":{"line":54,"column":0},"end":{"line":54,"column":null}},"2":{"start":{"line":72,"column":0},"end":{"line":74,"column":null}},"3":{"start":{"line":73,"column":0},"end":{"line":73,"column":null}},"4":{"start":{"line":76,"column":0},"end":{"line":76,"column":null}},"5":{"start":{"line":77,"column":0},"end":{"line":77,"column":null}},"6":{"start":{"line":85,"column":0},"end":{"line":87,"column":null}},"7":{"start":{"line":86,"column":0},"end":{"line":86,"column":null}},"8":{"start":{"line":89,"column":0},"end":{"line":89,"column":null}},"9":{"start":{"line":90,"column":0},"end":{"line":90,"column":null}}},"fnMap":{"0":{"name":"(anonymous_1)","decl":{"start":{"line":53,"column":0},"end":{"line":53,"column":null}},"loc":{"start":{"line":53,"column":0},"end":{"line":57,"column":null}}},"1":{"name":"prevNext","decl":{"start":{"line":71,"column":0},"end":{"line":71,"column":null}},"loc":{"start":{"line":71,"column":0},"end":{"line":78,"column":null}}},"2":{"name":"setCurrentPage","decl":{"start":{"line":84,"column":0},"end":{"line":84,"column":null}},"loc":{"start":{"line":84,"column":0},"end":{"line":91,"column":null}}}},"branchMap":{"0":{"loc":{"start":{"line":72,"column":0},"end":{"line":74,"column":null}},"type":"if","locations":[{"start":{"line":72,"column":0},"end":{"line":74,"column":null}},{"start":{"line":72,"column":0},"end":{"line":74,"column":null}}]},"1":{"loc":{"start":{"line":85,"column":0},"end":{"line":87,"column":null}},"type":"if","locations":[{"start":{"line":85,"column":0},"end":{"line":87,"column":null}},{"start":{"line":85,"column":0},"end":{"line":87,"column":null}}]}},"s":{"0":1,"1":0,"2":0,"3":0,"4":0,"5":0,"6":0,"7":0,"8":0,"9":0},"f":{"0":0,"1":0,"2":0},"b":{"0":[0,0],"1":[0,0]}}
,"/Users/vovashliakhovyi/Projects/todo-list/src/components/Search.vue": {"path":"/Users/vovashliakhovyi/Projects/todo-list/src/components/Search.vue","statementMap":{"0":{"start":{"line":18,"column":0},"end":{"line":18,"column":null}},"1":{"start":{"line":19,"column":0},"end":{"line":19,"column":null}},"2":{"start":{"line":23,"column":0},"end":{"line":23,"column":null}},"3":{"start":{"line":35,"column":0},"end":{"line":37,"column":null}},"4":{"start":{"line":36,"column":0},"end":{"line":36,"column":null}},"5":{"start":{"line":39,"column":0},"end":{"line":59,"column":null}},"6":{"start":{"line":40,"column":0},"end":{"line":42,"column":null}},"7":{"start":{"line":41,"column":0},"end":{"line":41,"column":null}},"8":{"start":{"line":44,"column":0},"end":{"line":51,"column":null}},"9":{"start":{"line":45,"column":0},"end":{"line":45,"column":null}},"10":{"start":{"line":50,"column":0},"end":{"line":50,"column":null}},"11":{"start":{"line":53,"column":0},"end":{"line":53,"column":null}},"12":{"start":{"line":58,"column":0},"end":{"line":58,"column":null}},"13":{"start":{"line":63,"column":0},"end":{"line":63,"column":null}}},"fnMap":{"0":{"name":"(anonymous_1)","decl":{"start":{"line":22,"column":0},"end":{"line":22,"column":null}},"loc":{"start":{"line":22,"column":0},"end":{"line":27,"column":null}}},"1":{"name":"(anonymous_2)","decl":{"start":{"line":25,"column":0},"end":{"line":25,"column":null}},"loc":{"start":{"line":25,"column":0},"end":{"line":25,"column":null}}},"2":{"name":"(anonymous_3)","decl":{"start":{"line":34,"column":0},"end":{"line":34,"column":null}},"loc":{"start":{"line":34,"column":0},"end":{"line":60,"column":null}}},"3":{"name":"(anonymous_4)","decl":{"start":{"line":39,"column":0},"end":{"line":39,"column":null}},"loc":{"start":{"line":39,"column":0},"end":{"line":59,"column":null}}},"4":{"name":"(anonymous_5)","decl":{"start":{"line":62,"column":0},"end":{"line":62,"column":null}},"loc":{"start":{"line":62,"column":0},"end":{"line":64,"column":null}}}},"branchMap":{"0":{"loc":{"start":{"line":35,"column":0},"end":{"line":37,"column":null}},"type":"if","locations":[{"start":{"line":35,"column":0},"end":{"line":37,"column":null}},{"start":{"line":35,"column":0},"end":{"line":37,"column":null}}]},"1":{"loc":{"start":{"line":40,"column":0},"end":{"line":42,"column":null}},"type":"if","locations":[{"start":{"line":40,"column":0},"end":{"line":42,"column":null}},{"start":{"line":40,"column":0},"end":{"line":42,"column":null}}]},"2":{"loc":{"start":{"line":44,"column":0},"end":{"line":51,"column":null}},"type":"if","locations":[{"start":{"line":44,"column":0},"end":{"line":51,"column":null}},{"start":{"line":44,"column":0},"end":{"line":51,"column":null}}]}},"s":{"0":1,"1":1,"2":0,"3":0,"4":0,"5":0,"6":0,"7":0,"8":0,"9":0,"10":0,"11":0,"12":0,"13":0},"f":{"0":0,"1":0,"2":0,"3":0,"4":0},"b":{"0":[0,0],"1":[0,0],"2":[0,0]}}
,"/Users/vovashliakhovyi/Projects/todo-list/src/components/TodoList.vue": {"path":"/Users/vovashliakhovyi/Projects/todo-list/src/components/TodoList.vue","statementMap":{"0":{"start":{"line":44,"column":0},"end":{"line":44,"column":null}},"1":{"start":{"line":45,"column":0},"end":{"line":45,"column":null}},"2":{"start":{"line":46,"column":0},"end":{"line":46,"column":null}},"3":{"start":{"line":50,"column":0},"end":{"line":50,"column":null}},"4":{"start":{"line":74,"column":0},"end":{"line":77,"column":null}},"5":{"start":{"line":75,"column":0},"end":{"line":75,"column":null}},"6":{"start":{"line":76,"column":0},"end":{"line":76,"column":null}},"7":{"start":{"line":86,"column":0},"end":{"line":88,"column":null}},"8":{"start":{"line":87,"column":0},"end":{"line":87,"column":null}},"9":{"start":{"line":90,"column":0},"end":{"line":90,"column":null}},"10":{"start":{"line":92,"column":0},"end":{"line":92,"column":null}},"11":{"start":{"line":99,"column":0},"end":{"line":99,"column":null}},"12":{"start":{"line":107,"column":0},"end":{"line":109,"column":null}},"13":{"start":{"line":108,"column":0},"end":{"line":108,"column":null}},"14":{"start":{"line":111,"column":0},"end":{"line":118,"column":null}},"15":{"start":{"line":112,"column":0},"end":{"line":112,"column":null}},"16":{"start":{"line":117,"column":0},"end":{"line":117,"column":null}},"17":{"start":{"line":120,"column":0},"end":{"line":120,"column":null}},"18":{"start":{"line":121,"column":0},"end":{"line":121,"column":null}},"19":{"start":{"line":123,"column":0},"end":{"line":123,"column":null}}},"fnMap":{"0":{"name":"(anonymous_1)","decl":{"start":{"line":49,"column":0},"end":{"line":49,"column":null}},"loc":{"start":{"line":49,"column":0},"end":{"line":60,"column":null}}},"1":{"name":"(anonymous_2)","decl":{"start":{"line":73,"column":0},"end":{"line":73,"column":null}},"loc":{"start":{"line":73,"column":0},"end":{"line":78,"column":null}}},"2":{"name":"(anonymous_3)","decl":{"start":{"line":74,"column":0},"end":{"line":74,"column":null}},"loc":{"start":{"line":74,"column":0},"end":{"line":77,"column":null}}},"3":{"name":"launchSpeedBump","decl":{"start":{"line":85,"column":0},"end":{"line":85,"column":null}},"loc":{"start":{"line":85,"column":0},"end":{"line":100,"column":null}}},"4":{"name":"updateTodoInfo","decl":{"start":{"line":106,"column":0},"end":{"line":106,"column":null}},"loc":{"start":{"line":106,"column":0},"end":{"line":124,"column":null}}}},"branchMap":{"0":{"loc":{"start":{"line":86,"column":0},"end":{"line":88,"column":null}},"type":"if","locations":[{"start":{"line":86,"column":0},"end":{"line":88,"column":null}},{"start":{"line":86,"column":0},"end":{"line":88,"column":null}}]},"1":{"loc":{"start":{"line":86,"column":0},"end":{"line":86,"column":null}},"type":"binary-expr","locations":[{"start":{"line":86,"column":0},"end":{"line":86,"column":null}},{"start":{"line":86,"column":0},"end":{"line":86,"column":null}}]},"2":{"loc":{"start":{"line":107,"column":0},"end":{"line":109,"column":null}},"type":"if","locations":[{"start":{"line":107,"column":0},"end":{"line":109,"column":null}},{"start":{"line":107,"column":0},"end":{"line":109,"column":null}}]},"3":{"loc":{"start":{"line":107,"column":0},"end":{"line":107,"column":null}},"type":"binary-expr","locations":[{"start":{"line":107,"column":0},"end":{"line":107,"column":null}},{"start":{"line":107,"column":0},"end":{"line":107,"column":null}}]},"4":{"loc":{"start":{"line":111,"column":0},"end":{"line":118,"column":null}},"type":"if","locations":[{"start":{"line":111,"column":0},"end":{"line":118,"column":null}},{"start":{"line":111,"column":0},"end":{"line":118,"column":null}}]},"5":{"loc":{"start":{"line":120,"column":0},"end":{"line":120,"column":null}},"type":"cond-expr","locations":[{"start":{"line":120,"column":0},"end":{"line":120,"column":null}},{"start":{"line":120,"column":0},"end":{"line":120,"column":null}}]},"6":{"loc":{"start":{"line":121,"column":0},"end":{"line":121,"column":null}},"type":"cond-expr","locations":[{"start":{"line":121,"column":0},"end":{"line":121,"column":null}},{"start":{"line":121,"column":0},"end":{"line":121,"column":null}}]}},"s":{"0":1,"1":1,"2":1,"3":0,"4":0,"5":0,"6":0,"7":0,"8":0,"9":0,"10":0,"11":0,"12":0,"13":0,"14":0,"15":0,"16":0,"17":0,"18":0,"19":0},"f":{"0":0,"1":0,"2":0,"3":0,"4":0},"b":{"0":[0,0],"1":[0,0],"2":[0,0],"3":[0,0],"4":[0,0],"5":[0,0],"6":[0,0]}}
,"/Users/vovashliakhovyi/Projects/todo-list/src/components/shared/Message.vue": {"path":"/Users/vovashliakhovyi/Projects/todo-list/src/components/shared/Message.vue","statementMap":{"0":{"start":{"line":8,"column":0},"end":{"line":8,"column":null}},"1":{"start":{"line":12,"column":0},"end":{"line":12,"column":null}},"2":{"start":{"line":20,"column":0},"end":{"line":20,"column":null}},"3":{"start":{"line":25,"column":0},"end":{"line":25,"column":null}},"4":{"start":{"line":36,"column":0},"end":{"line":38,"column":null}},"5":{"start":{"line":37,"column":0},"end":{"line":37,"column":null}},"6":{"start":{"line":40,"column":0},"end":{"line":40,"column":null}},"7":{"start":{"line":42,"column":0},"end":{"line":44,"column":null}},"8":{"start":{"line":43,"column":0},"end":{"line":43,"column":null}}},"fnMap":{"0":{"name":"(anonymous_1)","decl":{"start":{"line":11,"column":0},"end":{"line":11,"column":null}},"loc":{"start":{"line":11,"column":0},"end":{"line":16,"column":null}}},"1":{"name":"(anonymous_2)","decl":{"start":{"line":19,"column":0},"end":{"line":19,"column":null}},"loc":{"start":{"line":19,"column":0},"end":{"line":23,"column":null}}},"2":{"name":"(anonymous_3)","decl":{"start":{"line":24,"column":0},"end":{"line":24,"column":null}},"loc":{"start":{"line":24,"column":0},"end":{"line":28,"column":null}}},"3":{"name":"(anonymous_4)","decl":{"start":{"line":35,"column":0},"end":{"line":35,"column":null}},"loc":{"start":{"line":35,"column":0},"end":{"line":45,"column":null}}},"4":{"name":"(anonymous_5)","decl":{"start":{"line":42,"column":0},"end":{"line":42,"column":null}},"loc":{"start":{"line":42,"column":0},"end":{"line":44,"column":null}}}},"branchMap":{"0":{"loc":{"start":{"line":20,"column":0},"end":{"line":20,"column":null}},"type":"cond-expr","locations":[{"start":{"line":20,"column":0},"end":{"line":20,"column":null}},{"start":{"line":20,"column":0},"end":{"line":20,"column":null}}]},"1":{"loc":{"start":{"line":25,"column":0},"end":{"line":25,"column":null}},"type":"cond-expr","locations":[{"start":{"line":25,"column":0},"end":{"line":25,"column":null}},{"start":{"line":25,"column":0},"end":{"line":25,"column":null}}]},"2":{"loc":{"start":{"line":36,"column":0},"end":{"line":38,"column":null}},"type":"if","locations":[{"start":{"line":36,"column":0},"end":{"line":38,"column":null}},{"start":{"line":36,"column":0},"end":{"line":38,"column":null}}]}},"s":{"0":1,"1":0,"2":0,"3":0,"4":0,"5":0,"6":0,"7":0,"8":0},"f":{"0":0,"1":0,"2":0,"3":0,"4":0},"b":{"0":[0,0],"1":[0,0],"2":[0,0]}}
,"/Users/vovashliakhovyi/Projects/todo-list/src/components/shared/SpeedBump.vue": {"path":"/Users/vovashliakhovyi/Projects/todo-list/src/components/shared/SpeedBump.vue","statementMap":{"0":{"start":{"line":46,"column":0},"end":{"line":46,"column":null}},"1":{"start":{"line":47,"column":0},"end":{"line":47,"column":null}},"2":{"start":{"line":62,"column":0},"end":{"line":62,"column":null}},"3":{"start":{"line":63,"column":0},"end":{"line":63,"column":null}}},"fnMap":{"0":{"name":"continueSpeedbumb","decl":{"start":{"line":61,"column":0},"end":{"line":61,"column":null}},"loc":{"start":{"line":61,"column":0},"end":{"line":64,"column":null}}}},"branchMap":{"0":{"loc":{"start":{"line":62,"column":0},"end":{"line":62,"column":null}},"type":"binary-expr","locations":[{"start":{"line":62,"column":0},"end":{"line":62,"column":null}},{"start":{"line":62,"column":0},"end":{"line":62,"column":null}}]}},"s":{"0":1,"1":1,"2":0,"3":0},"f":{"0":0},"b":{"0":[0,0]}}
,"/Users/vovashliakhovyi/Projects/todo-list/src/constants/index.js": {"path":"/Users/vovashliakhovyi/Projects/todo-list/src/constants/index.js","statementMap":{"0":{"start":{"line":1,"column":24},"end":{"line":6,"column":1}},"1":{"start":{"line":8,"column":23},"end":{"line":10,"column":1}},"2":{"start":{"line":12,"column":22},"end":{"line":14,"column":1}},"3":{"start":{"line":16,"column":23},"end":{"line":19,"column":1}}},"fnMap":{},"branchMap":{},"s":{"0":1,"1":1,"2":1,"3":1},"f":{},"b":{},"_coverageSchema":"43e27e138ebf9cfc5966b082cf9a028302ed4184","hash":"7e72001f8cead93ec4697a860cae8dd32c35b3f7"}
,"/Users/vovashliakhovyi/Projects/todo-list/src/helpers/event-bus.js": {"path":"/Users/vovashliakhovyi/Projects/todo-list/src/helpers/event-bus.js","statementMap":{},"fnMap":{},"branchMap":{},"s":{},"f":{},"b":{},"_coverageSchema":"43e27e138ebf9cfc5966b082cf9a028302ed4184","hash":"dafdd19423089dcb27c9f0934eaecf3cee497d75"}
,"/Users/vovashliakhovyi/Projects/todo-list/src/store/actions.js": {"path":"/Users/vovashliakhovyi/Projects/todo-list/src/store/actions.js","statementMap":{"0":{"start":{"line":7,"column":15},"end":{"line":7,"column":38}},"1":{"start":{"line":9,"column":27},"end":{"line":30,"column":1}},"2":{"start":{"line":10,"column":1},"end":{"line":10,"column":9}},"3":{"start":{"line":11,"column":1},"end":{"line":29,"column":5}},"4":{"start":{"line":14,"column":22},"end":{"line":14,"column":55}},"5":{"start":{"line":15,"column":24},"end":{"line":15,"column":68}},"6":{"start":{"line":17,"column":3},"end":{"line":17,"column":50}},"7":{"start":{"line":18,"column":3},"end":{"line":18,"column":57}},"8":{"start":{"line":20,"column":3},"end":{"line":25,"column":4}},"9":{"start":{"line":21,"column":4},"end":{"line":24,"column":7}},"10":{"start":{"line":28,"column":3},"end":{"line":28,"column":23}},"11":{"start":{"line":32,"column":24},"end":{"line":54,"column":1}},"12":{"start":{"line":33,"column":16},"end":{"line":33,"column":121}},"13":{"start":{"line":35,"column":1},"end":{"line":53,"column":5}},"14":{"start":{"line":38,"column":22},"end":{"line":38,"column":55}},"15":{"start":{"line":39,"column":24},"end":{"line":39,"column":68}},"16":{"start":{"line":41,"column":3},"end":{"line":41,"column":50}},"17":{"start":{"line":42,"column":3},"end":{"line":42,"column":57}},"18":{"start":{"line":44,"column":3},"end":{"line":49,"column":4}},"19":{"start":{"line":45,"column":4},"end":{"line":48,"column":7}},"20":{"start":{"line":52,"column":3},"end":{"line":52,"column":23}},"21":{"start":{"line":56,"column":26},"end":{"line":80,"column":1}},"22":{"start":{"line":57,"column":1},"end":{"line":59,"column":2}},"23":{"start":{"line":58,"column":2},"end":{"line":58,"column":9}},"24":{"start":{"line":61,"column":17},"end":{"line":65,"column":2}},"25":{"start":{"line":67,"column":1},"end":{"line":79,"column":5}},"26":{"start":{"line":70,"column":3},"end":{"line":70,"column":49}},"27":{"start":{"line":71,"column":3},"end":{"line":74,"column":6}},"28":{"start":{"line":75,"column":3},"end":{"line":75,"column":28}},"29":{"start":{"line":78,"column":3},"end":{"line":78,"column":23}},"30":{"start":{"line":82,"column":26},"end":{"line":99,"column":1}},"31":{"start":{"line":83,"column":1},"end":{"line":85,"column":2}},"32":{"start":{"line":84,"column":2},"end":{"line":84,"column":9}},"33":{"start":{"line":87,"column":1},"end":{"line":98,"column":5}},"34":{"start":{"line":90,"column":3},"end":{"line":90,"column":28}},"35":{"start":{"line":91,"column":3},"end":{"line":94,"column":6}},"36":{"start":{"line":97,"column":3},"end":{"line":97,"column":23}},"37":{"start":{"line":101,"column":26},"end":{"line":118,"column":1}},"38":{"start":{"line":102,"column":1},"end":{"line":104,"column":2}},"39":{"start":{"line":103,"column":2},"end":{"line":103,"column":9}},"40":{"start":{"line":106,"column":1},"end":{"line":117,"column":5}},"41":{"start":{"line":109,"column":3},"end":{"line":109,"column":28}},"42":{"start":{"line":110,"column":3},"end":{"line":113,"column":6}},"43":{"start":{"line":116,"column":3},"end":{"line":116,"column":23}},"44":{"start":{"line":125,"column":1},"end":{"line":125,"column":29}},"45":{"start":{"line":126,"column":1},"end":{"line":131,"column":2}},"46":{"start":{"line":127,"column":2},"end":{"line":130,"column":5}}},"fnMap":{"0":{"name":"(anonymous_0)","decl":{"start":{"line":9,"column":27},"end":{"line":9,"column":28}},"loc":{"start":{"line":9,"column":62},"end":{"line":30,"column":1}},"line":9},"1":{"name":"(anonymous_1)","decl":{"start":{"line":13,"column":8},"end":{"line":13,"column":9}},"loc":{"start":{"line":13,"column":20},"end":{"line":26,"column":3}},"line":13},"2":{"name":"(anonymous_2)","decl":{"start":{"line":27,"column":9},"end":{"line":27,"column":10}},"loc":{"start":{"line":27,"column":18},"end":{"line":29,"column":3}},"line":27},"3":{"name":"(anonymous_3)","decl":{"start":{"line":32,"column":24},"end":{"line":32,"column":25}},"loc":{"start":{"line":32,"column":47},"end":{"line":54,"column":1}},"line":32},"4":{"name":"(anonymous_4)","decl":{"start":{"line":37,"column":8},"end":{"line":37,"column":9}},"loc":{"start":{"line":37,"column":20},"end":{"line":50,"column":3}},"line":37},"5":{"name":"(anonymous_5)","decl":{"start":{"line":51,"column":9},"end":{"line":51,"column":10}},"loc":{"start":{"line":51,"column":18},"end":{"line":53,"column":3}},"line":51},"6":{"name":"(anonymous_6)","decl":{"start":{"line":56,"column":26},"end":{"line":56,"column":27}},"loc":{"start":{"line":56,"column":58},"end":{"line":80,"column":1}},"line":56},"7":{"name":"(anonymous_7)","decl":{"start":{"line":69,"column":8},"end":{"line":69,"column":9}},"loc":{"start":{"line":69,"column":20},"end":{"line":76,"column":3}},"line":69},"8":{"name":"(anonymous_8)","decl":{"start":{"line":77,"column":9},"end":{"line":77,"column":10}},"loc":{"start":{"line":77,"column":18},"end":{"line":79,"column":3}},"line":77},"9":{"name":"(anonymous_9)","decl":{"start":{"line":82,"column":26},"end":{"line":82,"column":27}},"loc":{"start":{"line":82,"column":60},"end":{"line":99,"column":1}},"line":82},"10":{"name":"(anonymous_10)","decl":{"start":{"line":89,"column":8},"end":{"line":89,"column":9}},"loc":{"start":{"line":89,"column":18},"end":{"line":95,"column":3}},"line":89},"11":{"name":"(anonymous_11)","decl":{"start":{"line":96,"column":9},"end":{"line":96,"column":10}},"loc":{"start":{"line":96,"column":18},"end":{"line":98,"column":3}},"line":96},"12":{"name":"(anonymous_12)","decl":{"start":{"line":101,"column":26},"end":{"line":101,"column":27}},"loc":{"start":{"line":101,"column":58},"end":{"line":118,"column":1}},"line":101},"13":{"name":"(anonymous_13)","decl":{"start":{"line":108,"column":8},"end":{"line":108,"column":9}},"loc":{"start":{"line":108,"column":18},"end":{"line":114,"column":3}},"line":108},"14":{"name":"(anonymous_14)","decl":{"start":{"line":115,"column":9},"end":{"line":115,"column":10}},"loc":{"start":{"line":115,"column":18},"end":{"line":117,"column":3}},"line":115},"15":{"name":"handleErrors","decl":{"start":{"line":124,"column":9},"end":{"line":124,"column":21}},"loc":{"start":{"line":124,"column":29},"end":{"line":132,"column":1}},"line":124}},"branchMap":{"0":{"loc":{"start":{"line":15,"column":24},"end":{"line":15,"column":68}},"type":"binary-expr","locations":[{"start":{"line":15,"column":24},"end":{"line":15,"column":44}},{"start":{"line":15,"column":48},"end":{"line":15,"column":68}}],"line":15},"1":{"loc":{"start":{"line":20,"column":3},"end":{"line":25,"column":4}},"type":"if","locations":[{"start":{"line":20,"column":3},"end":{"line":25,"column":4}},{"start":{"line":20,"column":3},"end":{"line":25,"column":4}}],"line":20},"2":{"loc":{"start":{"line":39,"column":24},"end":{"line":39,"column":68}},"type":"binary-expr","locations":[{"start":{"line":39,"column":24},"end":{"line":39,"column":44}},{"start":{"line":39,"column":48},"end":{"line":39,"column":68}}],"line":39},"3":{"loc":{"start":{"line":44,"column":3},"end":{"line":49,"column":4}},"type":"if","locations":[{"start":{"line":44,"column":3},"end":{"line":49,"column":4}},{"start":{"line":44,"column":3},"end":{"line":49,"column":4}}],"line":44},"4":{"loc":{"start":{"line":57,"column":1},"end":{"line":59,"column":2}},"type":"if","locations":[{"start":{"line":57,"column":1},"end":{"line":59,"column":2}},{"start":{"line":57,"column":1},"end":{"line":59,"column":2}}],"line":57},"5":{"loc":{"start":{"line":83,"column":1},"end":{"line":85,"column":2}},"type":"if","locations":[{"start":{"line":83,"column":1},"end":{"line":85,"column":2}},{"start":{"line":83,"column":1},"end":{"line":85,"column":2}}],"line":83},"6":{"loc":{"start":{"line":102,"column":1},"end":{"line":104,"column":2}},"type":"if","locations":[{"start":{"line":102,"column":1},"end":{"line":104,"column":2}},{"start":{"line":102,"column":1},"end":{"line":104,"column":2}}],"line":102},"7":{"loc":{"start":{"line":126,"column":1},"end":{"line":131,"column":2}},"type":"if","locations":[{"start":{"line":126,"column":1},"end":{"line":131,"column":2}},{"start":{"line":126,"column":1},"end":{"line":131,"column":2}}],"line":126}},"s":{"0":0,"1":0,"2":0,"3":0,"4":0,"5":0,"6":0,"7":0,"8":0,"9":0,"10":0,"11":0,"12":0,"13":0,"14":0,"15":0,"16":0,"17":0,"18":0,"19":0,"20":0,"21":0,"22":0,"23":0,"24":0,"25":0,"26":0,"27":0,"28":0,"29":0,"30":0,"31":0,"32":0,"33":0,"34":0,"35":0,"36":0,"37":0,"38":0,"39":0,"40":0,"41":0,"42":0,"43":0,"44":0,"45":0,"46":0},"f":{"0":0,"1":0,"2":0,"3":0,"4":0,"5":0,"6":0,"7":0,"8":0,"9":0,"10":0,"11":0,"12":0,"13":0,"14":0,"15":0},"b":{"0":[0,0],"1":[0,0],"2":[0,0],"3":[0,0],"4":[0,0],"5":[0,0],"6":[0,0],"7":[0,0]},"hash":"9f67941b08d66771e97d967631df0db8a762ad3c"}
,"/Users/vovashliakhovyi/Projects/todo-list/src/store/index.js": {"path":"/Users/vovashliakhovyi/Projects/todo-list/src/store/index.js","statementMap":{"0":{"start":{"line":8,"column":0},"end":{"line":8,"column":14}}},"fnMap":{},"branchMap":{},"s":{"0":0},"f":{},"b":{},"hash":"ca08b560bd25359fe197718f53fcc32cd872cc19"}
,"/Users/vovashliakhovyi/Projects/todo-list/src/store/mutation-types.js": {"path":"/Users/vovashliakhovyi/Projects/todo-list/src/store/mutation-types.js","statementMap":{"0":{"start":{"line":2,"column":24},"end":{"line":2,"column":34}},"1":{"start":{"line":3,"column":27},"end":{"line":3,"column":40}},"2":{"start":{"line":4,"column":25},"end":{"line":4,"column":36}},"3":{"start":{"line":5,"column":27},"end":{"line":5,"column":40}},"4":{"start":{"line":8,"column":33},"end":{"line":8,"column":52}},"5":{"start":{"line":9,"column":32},"end":{"line":9,"column":50}},"6":{"start":{"line":12,"column":31},"end":{"line":12,"column":48}},"7":{"start":{"line":13,"column":30},"end":{"line":13,"column":46}},"8":{"start":{"line":14,"column":32},"end":{"line":14,"column":50}},"9":{"start":{"line":16,"column":27},"end":{"line":16,"column":40}}},"fnMap":{},"branchMap":{},"s":{"0":0,"1":0,"2":0,"3":0,"4":0,"5":0,"6":0,"7":0,"8":0,"9":0},"f":{},"b":{},"hash":"071ed5664d49cb54c4e2d17478b8b30fac0b6728"}
,"/Users/vovashliakhovyi/Projects/todo-list/src/store/mutations.js": {"path":"/Users/vovashliakhovyi/Projects/todo-list/src/store/mutations.js","statementMap":{"0":{"start":{"line":5,"column":2},"end":{"line":7,"column":3}},"1":{"start":{"line":6,"column":3},"end":{"line":6,"column":10}},"2":{"start":{"line":8,"column":2},"end":{"line":8,"column":24}},"3":{"start":{"line":12,"column":2},"end":{"line":14,"column":3}},"4":{"start":{"line":13,"column":3},"end":{"line":13,"column":10}},"5":{"start":{"line":15,"column":2},"end":{"line":15,"column":31}},"6":{"start":{"line":19,"column":2},"end":{"line":21,"column":3}},"7":{"start":{"line":20,"column":3},"end":{"line":20,"column":10}},"8":{"start":{"line":22,"column":2},"end":{"line":22,"column":24}},"9":{"start":{"line":26,"column":2},"end":{"line":28,"column":3}},"10":{"start":{"line":27,"column":3},"end":{"line":27,"column":10}},"11":{"start":{"line":29,"column":2},"end":{"line":29,"column":24}},"12":{"start":{"line":33,"column":2},"end":{"line":35,"column":3}},"13":{"start":{"line":34,"column":3},"end":{"line":34,"column":10}},"14":{"start":{"line":37,"column":2},"end":{"line":37,"column":42}},"15":{"start":{"line":41,"column":2},"end":{"line":43,"column":3}},"16":{"start":{"line":42,"column":3},"end":{"line":42,"column":10}},"17":{"start":{"line":45,"column":2},"end":{"line":45,"column":41}},"18":{"start":{"line":49,"column":2},"end":{"line":51,"column":3}},"19":{"start":{"line":50,"column":3},"end":{"line":50,"column":10}},"20":{"start":{"line":53,"column":2},"end":{"line":53,"column":26}},"21":{"start":{"line":57,"column":2},"end":{"line":57,"column":32}},"22":{"start":{"line":61,"column":2},"end":{"line":61,"column":28}},"23":{"start":{"line":65,"column":2},"end":{"line":65,"column":23}}},"fnMap":{"0":{"name":"(anonymous_0)","decl":{"start":{"line":4,"column":1},"end":{"line":4,"column":2}},"loc":{"start":{"line":4,"column":43},"end":{"line":9,"column":2}},"line":4},"1":{"name":"(anonymous_1)","decl":{"start":{"line":11,"column":1},"end":{"line":11,"column":2}},"loc":{"start":{"line":11,"column":42},"end":{"line":16,"column":2}},"line":11},"2":{"name":"(anonymous_2)","decl":{"start":{"line":18,"column":1},"end":{"line":18,"column":2}},"loc":{"start":{"line":18,"column":45},"end":{"line":23,"column":2}},"line":18},"3":{"name":"(anonymous_3)","decl":{"start":{"line":25,"column":1},"end":{"line":25,"column":2}},"loc":{"start":{"line":25,"column":45},"end":{"line":30,"column":2}},"line":25},"4":{"name":"(anonymous_4)","decl":{"start":{"line":32,"column":1},"end":{"line":32,"column":2}},"loc":{"start":{"line":32,"column":51},"end":{"line":38,"column":2}},"line":32},"5":{"name":"(anonymous_5)","decl":{"start":{"line":40,"column":1},"end":{"line":40,"column":2}},"loc":{"start":{"line":40,"column":50},"end":{"line":46,"column":2}},"line":40},"6":{"name":"(anonymous_6)","decl":{"start":{"line":48,"column":1},"end":{"line":48,"column":2}},"loc":{"start":{"line":48,"column":45},"end":{"line":54,"column":2}},"line":48},"7":{"name":"(anonymous_7)","decl":{"start":{"line":56,"column":1},"end":{"line":56,"column":2}},"loc":{"start":{"line":56,"column":49},"end":{"line":58,"column":2}},"line":56},"8":{"name":"(anonymous_8)","decl":{"start":{"line":60,"column":1},"end":{"line":60,"column":2}},"loc":{"start":{"line":60,"column":48},"end":{"line":62,"column":2}},"line":60},"9":{"name":"(anonymous_9)","decl":{"start":{"line":64,"column":1},"end":{"line":64,"column":2}},"loc":{"start":{"line":64,"column":41},"end":{"line":66,"column":2}},"line":64}},"branchMap":{"0":{"loc":{"start":{"line":5,"column":2},"end":{"line":7,"column":3}},"type":"if","locations":[{"start":{"line":5,"column":2},"end":{"line":7,"column":3}},{"start":{"line":5,"column":2},"end":{"line":7,"column":3}}],"line":5},"1":{"loc":{"start":{"line":12,"column":2},"end":{"line":14,"column":3}},"type":"if","locations":[{"start":{"line":12,"column":2},"end":{"line":14,"column":3}},{"start":{"line":12,"column":2},"end":{"line":14,"column":3}}],"line":12},"2":{"loc":{"start":{"line":19,"column":2},"end":{"line":21,"column":3}},"type":"if","locations":[{"start":{"line":19,"column":2},"end":{"line":21,"column":3}},{"start":{"line":19,"column":2},"end":{"line":21,"column":3}}],"line":19},"3":{"loc":{"start":{"line":26,"column":2},"end":{"line":28,"column":3}},"type":"if","locations":[{"start":{"line":26,"column":2},"end":{"line":28,"column":3}},{"start":{"line":26,"column":2},"end":{"line":28,"column":3}}],"line":26},"4":{"loc":{"start":{"line":33,"column":2},"end":{"line":35,"column":3}},"type":"if","locations":[{"start":{"line":33,"column":2},"end":{"line":35,"column":3}},{"start":{"line":33,"column":2},"end":{"line":35,"column":3}}],"line":33},"5":{"loc":{"start":{"line":41,"column":2},"end":{"line":43,"column":3}},"type":"if","locations":[{"start":{"line":41,"column":2},"end":{"line":43,"column":3}},{"start":{"line":41,"column":2},"end":{"line":43,"column":3}}],"line":41},"6":{"loc":{"start":{"line":49,"column":2},"end":{"line":51,"column":3}},"type":"if","locations":[{"start":{"line":49,"column":2},"end":{"line":51,"column":3}},{"start":{"line":49,"column":2},"end":{"line":51,"column":3}}],"line":49}},"s":{"0":0,"1":0,"2":0,"3":0,"4":0,"5":0,"6":0,"7":0,"8":0,"9":0,"10":0,"11":0,"12":0,"13":0,"14":0,"15":0,"16":0,"17":0,"18":0,"19":0,"20":0,"21":0,"22":0,"23":0},"f":{"0":0,"1":0,"2":0,"3":0,"4":0,"5":0,"6":0,"7":0,"8":0,"9":0},"b":{"0":[0,0],"1":[0,0],"2":[0,0],"3":[0,0],"4":[0,0],"5":[0,0],"6":[0,0]},"hash":"b0d0ec2e7534debd20b1ce06a85d1c8f7ae5d2de"}
,"/Users/vovashliakhovyi/Projects/todo-list/src/store/state.js": {"path":"/Users/vovashliakhovyi/Projects/todo-list/src/store/state.js","statementMap":{},"fnMap":{},"branchMap":{},"s":{},"f":{},"b":{},"hash":"f0d95efd338ffe08ddb157fe74c8e3e852872fb3"}
}
