TN:
SF:/Users/vovashliakhovyi/Projects/todo-list/src/App.vue
FN:34,(anonymous_1)
FNF:1
FNH:1
FNDA:1,(anonymous_1)
DA:16,1
DA:17,1
DA:18,1
DA:19,1
DA:20,1
DA:21,1
DA:35,1
LF:7
LH:7
BRF:0
BRH:0
end_of_record
TN:
SF:/Users/vovashliakhovyi/Projects/todo-list/src/registerServiceWorker.js
FN:7,(anonymous_0)
FN:13,(anonymous_1)
FN:16,(anonymous_2)
FN:19,(anonymous_3)
FN:22,(anonymous_4)
FN:25,(anonymous_5)
FN:30,(anonymous_6)
FNF:7
FNH:0
FNDA:0,(anonymous_0)
FNDA:0,(anonymous_1)
FNDA:0,(anonymous_2)
FNDA:0,(anonymous_3)
FNDA:0,(anonymous_4)
FNDA:0,(anonymous_5)
FNDA:0,(anonymous_6)
DA:5,0
DA:6,0
DA:8,0
DA:14,0
DA:17,0
DA:20,0
DA:23,0
DA:26,0
DA:31,0
LF:9
LH:0
BRDA:5,0,0,0
BRDA:5,0,1,0
BRF:2
BRH:0
end_of_record
TN:
SF:/Users/vovashliakhovyi/Projects/todo-list/src/components/CreateTodo.vue
FN:107,(anonymous_1)
FN:128,(anonymous_2)
FN:136,handleSearchForm
FN:148,addTodo
FN:161,(anonymous_5)
FNF:5
FNH:0
FNDA:0,(anonymous_1)
FNDA:0,(anonymous_2)
FNDA:0,handleSearchForm
FNDA:0,addTodo
FNDA:0,(anonymous_5)
DA:103,1
DA:104,1
DA:108,0
DA:129,0
DA:137,0
DA:138,0
DA:140,0
DA:141,0
DA:149,0
DA:150,0
DA:155,0
DA:158,0
DA:159,0
DA:161,0
DA:162,0
DA:163,0
LF:16
LH:2
BRDA:140,0,0,0
BRDA:140,0,1,0
BRDA:149,1,0,0
BRDA:149,1,1,0
BRF:4
BRH:0
end_of_record
TN:
SF:/Users/vovashliakhovyi/Projects/todo-list/src/components/Header.vue
FNF:0
FNH:0
DA:13,1
LF:1
LH:1
BRF:0
BRH:0
end_of_record
TN:
SF:/Users/vovashliakhovyi/Projects/todo-list/src/components/Pagination.vue
FN:53,(anonymous_1)
FN:71,prevNext
FN:84,setCurrentPage
FNF:3
FNH:0
FNDA:0,(anonymous_1)
FNDA:0,prevNext
FNDA:0,setCurrentPage
DA:48,1
DA:54,0
DA:72,0
DA:73,0
DA:76,0
DA:77,0
DA:85,0
DA:86,0
DA:89,0
DA:90,0
LF:10
LH:1
BRDA:72,0,0,0
BRDA:72,0,1,0
BRDA:85,1,0,0
BRDA:85,1,1,0
BRF:4
BRH:0
end_of_record
TN:
SF:/Users/vovashliakhovyi/Projects/todo-list/src/components/Search.vue
FN:22,(anonymous_1)
FN:25,(anonymous_2)
FN:34,(anonymous_3)
FN:39,(anonymous_4)
FN:62,(anonymous_5)
FNF:5
FNH:0
FNDA:0,(anonymous_1)
FNDA:0,(anonymous_2)
FNDA:0,(anonymous_3)
FNDA:0,(anonymous_4)
FNDA:0,(anonymous_5)
DA:18,1
DA:19,1
DA:23,0
DA:35,0
DA:36,0
DA:39,0
DA:40,0
DA:41,0
DA:44,0
DA:45,0
DA:50,0
DA:53,0
DA:58,0
DA:63,0
LF:14
LH:2
BRDA:35,0,0,0
BRDA:35,0,1,0
BRDA:40,1,0,0
BRDA:40,1,1,0
BRDA:44,2,0,0
BRDA:44,2,1,0
BRF:6
BRH:0
end_of_record
TN:
SF:/Users/vovashliakhovyi/Projects/todo-list/src/components/TodoList.vue
FN:49,(anonymous_1)
FN:73,(anonymous_2)
FN:74,(anonymous_3)
FN:85,launchSpeedBump
FN:106,updateTodoInfo
FNF:5
FNH:0
FNDA:0,(anonymous_1)
FNDA:0,(anonymous_2)
FNDA:0,(anonymous_3)
FNDA:0,launchSpeedBump
FNDA:0,updateTodoInfo
DA:44,1
DA:45,1
DA:46,1
DA:50,0
DA:74,0
DA:75,0
DA:76,0
DA:86,0
DA:87,0
DA:90,0
DA:92,0
DA:99,0
DA:107,0
DA:108,0
DA:111,0
DA:112,0
DA:117,0
DA:120,0
DA:121,0
DA:123,0
LF:20
LH:3
BRDA:86,0,0,0
BRDA:86,0,1,0
BRDA:86,1,0,0
BRDA:86,1,1,0
BRDA:107,2,0,0
BRDA:107,2,1,0
BRDA:107,3,0,0
BRDA:107,3,1,0
BRDA:111,4,0,0
BRDA:111,4,1,0
BRDA:120,5,0,0
BRDA:120,5,1,0
BRDA:121,6,0,0
BRDA:121,6,1,0
BRF:14
BRH:0
end_of_record
TN:
SF:/Users/vovashliakhovyi/Projects/todo-list/src/components/shared/Message.vue
FN:11,(anonymous_1)
FN:19,(anonymous_2)
FN:24,(anonymous_3)
FN:35,(anonymous_4)
FN:42,(anonymous_5)
FNF:5
FNH:0
FNDA:0,(anonymous_1)
FNDA:0,(anonymous_2)
FNDA:0,(anonymous_3)
FNDA:0,(anonymous_4)
FNDA:0,(anonymous_5)
DA:8,1
DA:12,0
DA:20,0
DA:25,0
DA:36,0
DA:37,0
DA:40,0
DA:42,0
DA:43,0
LF:9
LH:1
BRDA:20,0,0,0
BRDA:20,0,1,0
BRDA:25,1,0,0
BRDA:25,1,1,0
BRDA:36,2,0,0
BRDA:36,2,1,0
BRF:6
BRH:0
end_of_record
TN:
SF:/Users/vovashliakhovyi/Projects/todo-list/src/components/shared/SpeedBump.vue
FN:61,continueSpeedbumb
FNF:1
FNH:0
FNDA:0,continueSpeedbumb
DA:46,1
DA:47,1
DA:62,0
DA:63,0
LF:4
LH:2
BRDA:62,0,0,0
BRDA:62,0,1,0
BRF:2
BRH:0
end_of_record
TN:
SF:/Users/vovashliakhovyi/Projects/todo-list/src/constants/index.js
FNF:0
FNH:0
DA:1,1
DA:8,1
DA:12,1
DA:16,1
LF:4
LH:4
BRF:0
BRH:0
end_of_record
TN:
SF:/Users/vovashliakhovyi/Projects/todo-list/src/helpers/event-bus.js
FNF:0
FNH:0
LF:0
LH:0
BRF:0
BRH:0
end_of_record
TN:
SF:/Users/vovashliakhovyi/Projects/todo-list/src/store/actions.js
FN:9,(anonymous_0)
FN:13,(anonymous_1)
FN:27,(anonymous_2)
FN:32,(anonymous_3)
FN:37,(anonymous_4)
FN:51,(anonymous_5)
FN:56,(anonymous_6)
FN:69,(anonymous_7)
FN:77,(anonymous_8)
FN:82,(anonymous_9)
FN:89,(anonymous_10)
FN:96,(anonymous_11)
FN:101,(anonymous_12)
FN:108,(anonymous_13)
FN:115,(anonymous_14)
FN:124,handleErrors
FNF:16
FNH:0
FNDA:0,(anonymous_0)
FNDA:0,(anonymous_1)
FNDA:0,(anonymous_2)
FNDA:0,(anonymous_3)
FNDA:0,(anonymous_4)
FNDA:0,(anonymous_5)
FNDA:0,(anonymous_6)
FNDA:0,(anonymous_7)
FNDA:0,(anonymous_8)
FNDA:0,(anonymous_9)
FNDA:0,(anonymous_10)
FNDA:0,(anonymous_11)
FNDA:0,(anonymous_12)
FNDA:0,(anonymous_13)
FNDA:0,(anonymous_14)
FNDA:0,handleErrors
DA:7,0
DA:9,0
DA:10,0
DA:11,0
DA:14,0
DA:15,0
DA:17,0
DA:18,0
DA:20,0
DA:21,0
DA:28,0
DA:32,0
DA:33,0
DA:35,0
DA:38,0
DA:39,0
DA:41,0
DA:42,0
DA:44,0
DA:45,0
DA:52,0
DA:56,0
DA:57,0
DA:58,0
DA:61,0
DA:67,0
DA:70,0
DA:71,0
DA:75,0
DA:78,0
DA:82,0
DA:83,0
DA:84,0
DA:87,0
DA:90,0
DA:91,0
DA:97,0
DA:101,0
DA:102,0
DA:103,0
DA:106,0
DA:109,0
DA:110,0
DA:116,0
DA:125,0
DA:126,0
DA:127,0
LF:47
LH:0
BRDA:15,0,0,0
BRDA:15,0,1,0
BRDA:20,1,0,0
BRDA:20,1,1,0
BRDA:39,2,0,0
BRDA:39,2,1,0
BRDA:44,3,0,0
BRDA:44,3,1,0
BRDA:57,4,0,0
BRDA:57,4,1,0
BRDA:83,5,0,0
BRDA:83,5,1,0
BRDA:102,6,0,0
BRDA:102,6,1,0
BRDA:126,7,0,0
BRDA:126,7,1,0
BRF:16
BRH:0
end_of_record
TN:
SF:/Users/vovashliakhovyi/Projects/todo-list/src/store/index.js
FNF:0
FNH:0
DA:8,0
LF:1
LH:0
BRF:0
BRH:0
end_of_record
TN:
SF:/Users/vovashliakhovyi/Projects/todo-list/src/store/mutation-types.js
FNF:0
FNH:0
DA:2,0
DA:3,0
DA:4,0
DA:5,0
DA:8,0
DA:9,0
DA:12,0
DA:13,0
DA:14,0
DA:16,0
LF:10
LH:0
BRF:0
BRH:0
end_of_record
TN:
SF:/Users/vovashliakhovyi/Projects/todo-list/src/store/mutations.js
FN:4,(anonymous_0)
FN:11,(anonymous_1)
FN:18,(anonymous_2)
FN:25,(anonymous_3)
FN:32,(anonymous_4)
FN:40,(anonymous_5)
FN:48,(anonymous_6)
FN:56,(anonymous_7)
FN:60,(anonymous_8)
FN:64,(anonymous_9)
FNF:10
FNH:0
FNDA:0,(anonymous_0)
FNDA:0,(anonymous_1)
FNDA:0,(anonymous_2)
FNDA:0,(anonymous_3)
FNDA:0,(anonymous_4)
FNDA:0,(anonymous_5)
FNDA:0,(anonymous_6)
FNDA:0,(anonymous_7)
FNDA:0,(anonymous_8)
FNDA:0,(anonymous_9)
DA:5,0
DA:6,0
DA:8,0
DA:12,0
DA:13,0
DA:15,0
DA:19,0
DA:20,0
DA:22,0
DA:26,0
DA:27,0
DA:29,0
DA:33,0
DA:34,0
DA:37,0
DA:41,0
DA:42,0
DA:45,0
DA:49,0
DA:50,0
DA:53,0
DA:57,0
DA:61,0
DA:65,0
LF:24
LH:0
BRDA:5,0,0,0
BRDA:5,0,1,0
BRDA:12,1,0,0
BRDA:12,1,1,0
BRDA:19,2,0,0
BRDA:19,2,1,0
BRDA:26,3,0,0
BRDA:26,3,1,0
BRDA:33,4,0,0
BRDA:33,4,1,0
BRDA:41,5,0,0
BRDA:41,5,1,0
BRDA:49,6,0,0
BRDA:49,6,1,0
BRF:14
BRH:0
end_of_record
TN:
SF:/Users/vovashliakhovyi/Projects/todo-list/src/store/state.js
FNF:0
FNH:0
LF:0
LH:0
BRF:0
BRH:0
end_of_record
